{
  "RSpec": {
    "coverage": {
      "/Users/stirling/turing/1module/projects/futbol/lib/stat_tracker.rb": {
        "lines": [
          1,
          1,
          null,
          1,
          1,
          null,
          1,
          23,
          null,
          null,
          1,
          22,
          22,
          66,
          null,
          22,
          null,
          null,
          1,
          1,
          1,
          7441,
          6,
          null,
          null,
          1,
          null,
          null,
          1,
          1,
          1,
          7441,
          1,
          null,
          null,
          1,
          null,
          null,
          1,
          1,
          1,
          1,
          7441,
          7441,
          null,
          1,
          null,
          null,
          1,
          1,
          1,
          1,
          7441,
          7441,
          null,
          1,
          null,
          null,
          1,
          1,
          1,
          1,
          7441,
          7441,
          null,
          1,
          null,
          null,
          1,
          2,
          2,
          14882,
          null,
          2,
          null,
          null,
          1,
          1,
          1,
          1,
          7441,
          7441,
          null,
          1,
          null,
          null,
          1,
          1,
          1,
          1,
          1,
          7441,
          7441,
          null,
          1,
          null,
          null,
          null,
          null,
          null,
          1,
          1,
          null,
          null,
          1,
          1,
          1,
          1,
          14882,
          14882,
          null,
          1,
          32,
          null,
          33,
          29,
          null,
          null,
          1,
          1,
          1,
          1,
          14882,
          14882,
          null,
          1,
          32,
          null,
          33,
          31,
          null,
          null,
          1,
          1,
          1,
          1,
          7441,
          7441,
          null,
          1,
          32,
          null,
          33,
          6,
          null,
          null,
          1,
          1,
          1,
          1,
          7441,
          7441,
          null,
          1,
          32,
          null,
          33,
          29,
          null,
          null,
          1,
          1,
          1,
          1,
          7441,
          7441,
          null,
          1,
          32,
          null,
          33,
          20,
          null,
          null,
          1,
          1,
          1,
          1,
          7441,
          7441,
          null,
          1,
          32,
          null,
          33,
          31,
          null,
          null,
          null,
          null,
          1,
          1,
          1,
          1,
          7442,
          1,
          1323,
          null,
          1,
          14882,
          14882,
          null,
          34,
          34,
          null,
          null,
          1,
          1,
          1,
          1,
          7442,
          1,
          1323,
          null,
          1,
          14882,
          14882,
          null,
          34,
          34,
          null,
          null,
          1,
          1,
          1,
          1,
          7442,
          1,
          1323,
          null,
          1,
          14882,
          14882,
          null,
          31,
          31,
          19,
          null,
          null,
          1,
          1,
          1,
          1,
          7442,
          1,
          1323,
          null,
          1,
          14882,
          14882,
          null,
          31,
          31,
          14,
          null,
          null,
          1,
          1,
          1,
          7442,
          1,
          1323,
          null,
          1,
          14882,
          null,
          31,
          4,
          null,
          null,
          1,
          1,
          1,
          7442,
          1,
          1323,
          null,
          1,
          14882,
          null,
          31,
          2,
          null,
          null,
          null,
          null,
          1,
          0,
          0,
          0,
          0,
          null,
          null,
          0,
          null,
          null,
          1,
          0,
          0,
          0,
          0,
          0,
          0,
          0,
          null,
          null,
          0,
          null,
          null,
          1,
          0,
          0,
          0,
          0,
          0,
          0,
          0,
          null,
          null,
          0,
          null,
          null,
          1,
          0,
          0,
          0,
          0,
          0,
          0,
          null,
          0,
          null,
          null,
          1,
          0,
          null,
          0,
          0,
          0,
          null,
          null,
          0,
          null,
          null,
          1,
          0,
          null,
          0,
          0,
          0,
          null,
          null,
          0,
          null,
          null,
          1,
          null,
          null,
          1,
          null,
          null
        ]
      }
    },
    "timestamp": 1650298670
  }
}
